<?xml version="1.0" encoding="UTF-8"?>
<!-- Generated by org.testng.reporters.JUnitReportReporter -->
<testsuite hostname="Santoshs-MacBook-Pro.local" failures="0" tests="3" name="santoshkedar.testDevOpsprocess.SNF_Test" time="0.000" errors="0" timestamp="2024-02-26T00:50:16 CST" skipped="0">
  <testcase classname="santoshkedar.testDevOpsprocess.SNF_Test" name="SNF_Test_TC1" time="0.000"/>
  <testcase classname="santoshkedar.testDevOpsprocess.SNF_Test" name="SNF_Test_TC2" time="0.000"/>
  <testcase classname="santoshkedar.testDevOpsprocess.SNF_Test" name="SNF_Test_TC3" time="0.000"/>
</testsuite> <!-- santoshkedar.testDevOpsprocess.SNF_Test -->
