<?xml version="1.0" encoding="UTF-8"?>
<!-- Generated by org.testng.reporters.JUnitReportReporter -->
<testsuite hostname="Santoshs-MacBook-Pro.local" failures="0" tests="3" name="santoshkedar.testDevOpsprocess.TRC_Test" time="0.000" errors="0" timestamp="2024-02-22T01:49:30 CST" skipped="0">
  <testcase classname="santoshkedar.testDevOpsprocess.TRC_Test" name="TRC_Test_TC3" time="0.000"/>
  <testcase classname="santoshkedar.testDevOpsprocess.TRC_Test" name="TRC_Test_TC2" time="0.000"/>
  <testcase classname="santoshkedar.testDevOpsprocess.TRC_Test" name="TRC_Test_TC1" time="0.000"/>
</testsuite> <!-- santoshkedar.testDevOpsprocess.TRC_Test -->
