<?xml version="1.0" encoding="UTF-8"?>
<!-- Generated by org.testng.reporters.JUnitReportReporter -->
<testsuite hostname="Santoshs-MacBook-Pro.local" failures="0" tests="3" name="santoshkedar.testDevOpsprocess.AMH_Test" time="0.000" errors="0" timestamp="2024-02-21T23:30:36 CST" skipped="0">
  <testcase classname="santoshkedar.testDevOpsprocess.AMH_Test" name="AMH_Test_TC2" time="0.000"/>
  <testcase classname="santoshkedar.testDevOpsprocess.AMH_Test" name="AMH_Test_TC3" time="0.000"/>
  <testcase classname="santoshkedar.testDevOpsprocess.AMH_Test" name="AMH_Test_TC1" time="0.000"/>
</testsuite> <!-- santoshkedar.testDevOpsprocess.AMH_Test -->
