<?xml version="1.0" encoding="UTF-8"?>
<!-- Generated by org.testng.reporters.JUnitReportReporter -->
<testsuite hostname="Santoshs-MacBook-Pro.local" failures="0" tests="3" name="santoshkedar.testDevOpsprocess.AIM_Test" time="0.004" errors="0" timestamp="2024-02-26T00:50:16 CST" skipped="0">
  <testcase classname="santoshkedar.testDevOpsprocess.AIM_Test" name="AIM_Test_TC1" time="0.003"/>
  <testcase classname="santoshkedar.testDevOpsprocess.AIM_Test" name="AIM_Test_TC3" time="0.000"/>
  <testcase classname="santoshkedar.testDevOpsprocess.AIM_Test" name="AIM_Test_TC2" time="0.001"/>
</testsuite> <!-- santoshkedar.testDevOpsprocess.AIM_Test -->
