<?xml version="1.0" encoding="UTF-8"?>
<!-- Generated by org.testng.reporters.JUnitReportReporter -->
<testsuite hostname="Santoshs-MacBook-Pro.local" failures="0" tests="3" name="santoshkedar.testDevOpsprocess.AIM_Test" time="0.005" errors="0" timestamp="2024-02-22T01:49:30 CST" skipped="0">
  <testcase classname="santoshkedar.testDevOpsprocess.AIM_Test" name="AIM_Test_TC2" time="0.001"/>
  <testcase classname="santoshkedar.testDevOpsprocess.AIM_Test" name="AIM_Test_TC1" time="0.003"/>
  <testcase classname="santoshkedar.testDevOpsprocess.AIM_Test" name="AIM_Test_TC3" time="0.001"/>
</testsuite> <!-- santoshkedar.testDevOpsprocess.AIM_Test -->
